<?xml version="1.0" encoding="UTF-8"?>
<!-- Generated by org.testng.reporters.JUnitXMLReporter -->
<testsuite ignored="10" hostname="DESKTOP-EIC3NR5" failures="0" tests="1" name="Default test" time="0.966" errors="0" timestamp="24 Nov 2021 15:16:44 GMT">
  <testcase classname="com.bankguru.payment.Level_21_Multiple_Environment" name="@BeforeClass initBrowser" time="0.0">
    <failure type="org.testng.TestNGException" message="
Parameter &amp;apos;browser&amp;apos; is required by BeforeClass on method initBrowser but has not been marked @Optional or defined
in C:\Users\DT TAM\AppData\Local\Temp\testng-eclipse--800001493\testng-customsuite.xml">
      <![CDATA[org.testng.TestNGException: 
Parameter 'browser' is required by BeforeClass on method initBrowser but has not been marked @Optional or defined
in C:\Users\DT TAM\AppData\Local\Temp\testng-eclipse--800001493\testng-customsuite.xml
at org.testng.internal.Parameters.createParams(Parameters.java:290)
at org.testng.internal.Parameters.createParametersForMethod(Parameters.java:359)
at org.testng.internal.Parameters.createParameters(Parameters.java:620)
at org.testng.internal.Parameters.createConfigurationParameters(Parameters.java:190)
at org.testng.internal.Invoker.invokeConfigurations(Invoker.java:209)
at org.testng.internal.Invoker.invokeConfigurations(Invoker.java:142)
at org.testng.internal.TestMethodWorker.invokeBeforeClassMethods(TestMethodWorker.java:168)
at org.testng.internal.TestMethodWorker.run(TestMethodWorker.java:105)
at org.testng.TestRunner.privateRun(TestRunner.java:648)
at org.testng.TestRunner.run(TestRunner.java:505)
at org.testng.SuiteRunner.runTest(SuiteRunner.java:455)
at org.testng.SuiteRunner.runSequentially(SuiteRunner.java:450)
at org.testng.SuiteRunner.privateRun(SuiteRunner.java:415)
at org.testng.SuiteRunner.run(SuiteRunner.java:364)
at org.testng.SuiteRunnerWorker.runSuite(SuiteRunnerWorker.java:52)
at org.testng.SuiteRunnerWorker.run(SuiteRunnerWorker.java:84)
at org.testng.TestNG.runSuitesSequentially(TestNG.java:1208)
at org.testng.TestNG.runSuitesLocally(TestNG.java:1137)
at org.testng.TestNG.runSuites(TestNG.java:1049)
at org.testng.TestNG.run(TestNG.java:1017)
at org.testng.remote.AbstractRemoteTestNG.run(AbstractRemoteTestNG.java:115)
at org.testng.remote.RemoteTestNG.initAndRun(RemoteTestNG.java:251)
at org.testng.remote.RemoteTestNG.main(RemoteTestNG.java:77)
]]>
    </failure>
  </testcase> <!-- @BeforeClass initBrowser -->
  <testcase classname="com.bankguru.payment.Level_21_Multiple_Environment" name="@AfterClass cleanBrowser" time="0.0">
    <failure type="org.testng.TestNGException" message="
Parameter &amp;apos;browser&amp;apos; is required by AfterClass on method cleanBrowser but has not been marked @Optional or defined
in C:\Users\DT TAM\AppData\Local\Temp\testng-eclipse--800001493\testng-customsuite.xml">
      <![CDATA[org.testng.TestNGException: 
Parameter 'browser' is required by AfterClass on method cleanBrowser but has not been marked @Optional or defined
in C:\Users\DT TAM\AppData\Local\Temp\testng-eclipse--800001493\testng-customsuite.xml
at org.testng.internal.Parameters.createParams(Parameters.java:290)
at org.testng.internal.Parameters.createParametersForMethod(Parameters.java:359)
at org.testng.internal.Parameters.createParameters(Parameters.java:620)
at org.testng.internal.Parameters.createConfigurationParameters(Parameters.java:190)
at org.testng.internal.Invoker.invokeConfigurations(Invoker.java:209)
at org.testng.internal.Invoker.invokeConfigurations(Invoker.java:142)
at org.testng.internal.TestMethodWorker.invokeAfterClassMethods(TestMethodWorker.java:214)
at org.testng.internal.TestMethodWorker.run(TestMethodWorker.java:111)
at org.testng.TestRunner.privateRun(TestRunner.java:648)
at org.testng.TestRunner.run(TestRunner.java:505)
at org.testng.SuiteRunner.runTest(SuiteRunner.java:455)
at org.testng.SuiteRunner.runSequentially(SuiteRunner.java:450)
at org.testng.SuiteRunner.privateRun(SuiteRunner.java:415)
at org.testng.SuiteRunner.run(SuiteRunner.java:364)
at org.testng.SuiteRunnerWorker.runSuite(SuiteRunnerWorker.java:52)
at org.testng.SuiteRunnerWorker.run(SuiteRunnerWorker.java:84)
at org.testng.TestNG.runSuitesSequentially(TestNG.java:1208)
at org.testng.TestNG.runSuitesLocally(TestNG.java:1137)
at org.testng.TestNG.runSuites(TestNG.java:1049)
at org.testng.TestNG.run(TestNG.java:1017)
at org.testng.remote.AbstractRemoteTestNG.run(AbstractRemoteTestNG.java:115)
at org.testng.remote.RemoteTestNG.initAndRun(RemoteTestNG.java:251)
at org.testng.remote.RemoteTestNG.main(RemoteTestNG.java:77)
]]>
    </failure>
  </testcase> <!-- @AfterClass cleanBrowser -->
  <testcase classname="com.bankguru.payment.Level_21_Multiple_Environment" name="Employee_01_Add_New_Employee" time="0.0">
    <skipped/>
  </testcase> <!-- Employee_01_Add_New_Employee -->
  <testcase classname="com.bankguru.payment.Level_21_Multiple_Environment" name="Employee_07_Edit_View_Job" time="0.0">
    <ignored/>
  </testcase> <!-- Employee_07_Edit_View_Job -->
  <testcase classname="com.bankguru.payment.Level_21_Multiple_Environment" name="Employee_02_Upload_Avatar" time="0.0">
    <ignored/>
  </testcase> <!-- Employee_02_Upload_Avatar -->
  <testcase classname="com.bankguru.payment.Level_21_Multiple_Environment" name="Employee_04_Contact_Details" time="0.0">
    <ignored/>
  </testcase> <!-- Employee_04_Contact_Details -->
  <testcase classname="com.bankguru.payment.Level_21_Multiple_Environment" name="Employee_06_Assigned_Dependents" time="0.0">
    <ignored/>
  </testcase> <!-- Employee_06_Assigned_Dependents -->
  <testcase classname="com.bankguru.payment.Level_21_Multiple_Environment" name="Employee_11_Search_Employee" time="0.0">
    <ignored/>
  </testcase> <!-- Employee_11_Search_Employee -->
  <testcase classname="com.bankguru.payment.Level_21_Multiple_Environment" name="Employee_05_Emergency_Details" time="0.0">
    <ignored/>
  </testcase> <!-- Employee_05_Emergency_Details -->
  <testcase classname="com.bankguru.payment.Level_21_Multiple_Environment" name="Employee_09_Edit_View_Tax" time="0.0">
    <ignored/>
  </testcase> <!-- Employee_09_Edit_View_Tax -->
  <testcase classname="com.bankguru.payment.Level_21_Multiple_Environment" name="Employee_08_Edit_View_Salary" time="0.0">
    <ignored/>
  </testcase> <!-- Employee_08_Edit_View_Salary -->
  <testcase classname="com.bankguru.payment.Level_21_Multiple_Environment" name="Employee_03_Personal_Details" time="0.0">
    <ignored/>
  </testcase> <!-- Employee_03_Personal_Details -->
  <testcase classname="com.bankguru.payment.Level_21_Multiple_Environment" name="Employee_10_Qualifications" time="0.0">
    <ignored/>
  </testcase> <!-- Employee_10_Qualifications -->
</testsuite> <!-- Default test -->
